<?xml version="1.0" encoding="UTF-8"?>
<!-- Generated by org.testng.reporters.JUnitReportReporter -->
<testsuite hostname="Ather" failures="0" tests="6" name="piit.AutomationTrainingProgramme.Execution" time="0.022" errors="0" timestamp="2022-05-10T22:33:12 EDT" skipped="0">
  <testcase classname="piit.AutomationTrainingProgramme.Execution" name="f" time="0.003"/>
  <system-out/>
  <testcase classname="piit.AutomationTrainingProgramme.Execution" name="Test2" time="0.006"/>
  <system-out/>
  <testcase classname="piit.AutomationTrainingProgramme.Execution" name="Test2" time="0.005"/>
  <system-out/>
  <testcase classname="piit.AutomationTrainingProgramme.Execution" name="Test2" time="0.005"/>
  <system-out/>
  <testcase classname="piit.AutomationTrainingProgramme.Execution" name="f" time="0.002"/>
  <system-out/>
  <testcase classname="piit.AutomationTrainingProgramme.Execution" name="f" time="0.001"/>
  <system-out/>
</testsuite> <!-- piit.AutomationTrainingProgramme.Execution -->
